<?xml version="1.0" encoding="UTF-8"?>
<!-- Generated by org.testng.reporters.JUnitReportReporter -->
<testsuite hostname="menaka" failures="0" tests="1" name="com.testCases.TC_LoginTest_001" time="0.656" errors="0" timestamp="20 Jan 2022 03:38:27 GMT" skipped="0">
  <testcase classname="com.testCases.TC_LoginTest_001" name="loginTest" time="0.656"/>
</testsuite> <!-- com.testCases.TC_LoginTest_001 -->
