<?xml version="1.0" encoding="UTF-8"?>
<!-- Generated by org.testng.reporters.JUnitReportReporter -->
<testsuite hostname="menaka" failures="0" tests="1" name="com.testCases.TC_AddCustomerTest_003" time="15.724" errors="0" timestamp="20 Jan 2022 17:23:31 GMT" skipped="0">
  <testcase classname="com.testCases.TC_AddCustomerTest_003" name="addNewCustomer" time="15.724"/>
</testsuite> <!-- com.testCases.TC_AddCustomerTest_003 -->
