<?xml version="1.0" encoding="UTF-8"?>
<!-- Generated by org.testng.reporters.JUnitReportReporter -->
<testsuite hostname="menaka" failures="0" tests="1" name="com.testCases.TC_LoginTest_001" time="0.978" errors="0" timestamp="20 Jan 2022 17:23:31 GMT" skipped="0">
  <testcase classname="com.testCases.TC_LoginTest_001" name="loginTest" time="0.978"/>
</testsuite> <!-- com.testCases.TC_LoginTest_001 -->
